v1.0.0 Добавили копирайт и минифицированный js-файл.
v1.1.0 Переделали отдельные функции в объект jform с методами. 
       Переделан ответ обработчика на json для удобства получения данных с сервера.
	   Ввели лог изменений.
	   Переименовали методы более понятными именами.
v1.2.0 Добавили обертку div для инпутов.
	   Нотис об ошибке сделан не плейсхолдере, а дивом прикрепленным к инпуту.
v1.3.0 Переделаны и упрощены методы валидации.
	   Добавлен конфиг.
v1.4.0 Добавлена возможность интеграции с Bitrix24.
v1.5.0 Добавлен минифицированный css-файл.
       Переделан механизм генерации шаблона формы, для удобного формирования, если форм на сайте несколько.
v1.5.1 Рефакторинг js-файла. 
v1.5.2 Добавлена возможность устанвливать типы для полей в конфиге формы. 
v1.6.0 Вынесены настройки формы в роутинг. 
v1.6.1 Наличие рекапчи вынесено из аргументов в массив конфига. 
v1.6.2 Совмещение конфигов из модуля и из настройки конкретной формы.
       Маску можно задавать в настройке формы.
v1.6.3 Добавлена возможность задавать цель яндекс метрики на успешную отправку формы.
       Доработана функция прикрепления картинки к форме.
v1.6.4 Сделано оформление инпута для файлов.
       Возможность загружать несколько файлов.
v1.6.5 Добавлены иконки для текстовых полей и звездочки для обязательных.
v1.6.6 Оформлен чекбокс.
v1.6.7 Сделаны кнопка отправки и кнопка вызова формы тегом button для улучшения доступности.
       Добавлен аутлайн для блоков с инпутами для файлов в состоянии focus.
	   Сделан крестик закрытия формы тегом button для улучшения доступности с клавиатуры.
v1.6.8 Мелкие улучшения css, js и php кода.
v1.6.9 Оптимизировано подключение гугл-шрифта.
v1.7.0 Внедрено автозаполнение для поля Страна.
v1.7.1 Добавлена возможность вписывать значения по умолчанию у текстовых полей.